android/app/build/intermediates/manifest_merge_blame_file/debug/processDebugMainManifest/manifest-merger-blame-debug-report.txt
1<?xml version="1.0" encoding="utf-8"?>
2<manifest xmlns:android="http://schemas.android.com/apk/res/android"
3    package="com.anonymous.ChatApp_Sophy"
4    android:versionCode="1"
5    android:versionName="1.0.0" >
6
7    <uses-sdk
8        android:minSdkVersion="24"
9        android:targetSdkVersion="34" />
10
11    <uses-permission android:name="android.permission.SYSTEM_ALERT_WINDOW" />
11-->src\main\AndroidManifest.xml:8:3-75
11-->src\main\AndroidManifest.xml:8:20-73
12    <uses-permission android:name="android.permission.ACCESS_MEDIA_LOCATION" />
12-->src\main\AndroidManifest.xml:2:3-77
12-->src\main\AndroidManifest.xml:2:20-75
13    <uses-permission android:name="android.permission.CAMERA" />
13-->src\main\AndroidManifest.xml:3:3-62
13-->src\main\AndroidManifest.xml:3:20-60
14    <uses-permission android:name="android.permission.INTERNET" />
14-->src\main\AndroidManifest.xml:4:3-64
14-->src\main\AndroidManifest.xml:4:20-62
15    <uses-permission android:name="android.permission.READ_CONTACTS" />
15-->src\main\AndroidManifest.xml:5:3-69
15-->src\main\AndroidManifest.xml:5:20-67
16    <uses-permission android:name="android.permission.READ_EXTERNAL_STORAGE" />
16-->src\main\AndroidManifest.xml:6:3-77
16-->src\main\AndroidManifest.xml:6:20-75
17    <uses-permission android:name="android.permission.RECORD_AUDIO" />
17-->src\main\AndroidManifest.xml:7:3-68
17-->src\main\AndroidManifest.xml:7:20-66
18    <uses-permission android:name="android.permission.VIBRATE" />
18-->src\main\AndroidManifest.xml:9:3-63
18-->src\main\AndroidManifest.xml:9:20-61
19    <uses-permission android:name="android.permission.WRITE_CONTACTS" />
19-->src\main\AndroidManifest.xml:10:3-70
19-->src\main\AndroidManifest.xml:10:20-68
20    <uses-permission android:name="android.permission.WRITE_EXTERNAL_STORAGE" />
20-->src\main\AndroidManifest.xml:11:3-78
20-->src\main\AndroidManifest.xml:11:20-76
21
22    <queries>
22-->src\main\AndroidManifest.xml:12:3-18:13
23        <intent>
23-->src\main\AndroidManifest.xml:13:5-17:14
24            <action android:name="android.intent.action.VIEW" />
24-->src\main\AndroidManifest.xml:14:7-58
24-->src\main\AndroidManifest.xml:14:15-56
25
26            <category android:name="android.intent.category.BROWSABLE" />
26-->src\main\AndroidManifest.xml:15:7-67
26-->src\main\AndroidManifest.xml:15:17-65
27
28            <data android:scheme="https" />
28-->src\main\AndroidManifest.xml:16:7-37
28-->src\main\AndroidManifest.xml:16:13-35
29        </intent>
30        <intent>
30-->[:expo-contacts] AndroidManifest.xml:8:9-14:18
31            <action android:name="android.intent.action.SEND" />
31-->[:expo-contacts] AndroidManifest.xml:9:13-65
31-->[:expo-contacts] AndroidManifest.xml:9:21-62
32
33            <category android:name="android.intent.category.DEFAULT" />
33-->src\main\AndroidManifest.xml:30:9-67
33-->src\main\AndroidManifest.xml:30:19-65
34
35            <data android:mimeType="application/octet-stream" />
35-->src\main\AndroidManifest.xml:16:7-37
36        </intent>
37        <intent>
37-->[:expo-contacts] AndroidManifest.xml:15:9-21:18
38            <action android:name="android.intent.action.SEND" />
38-->[:expo-contacts] AndroidManifest.xml:9:13-65
38-->[:expo-contacts] AndroidManifest.xml:9:21-62
39
40            <category android:name="android.intent.category.DEFAULT" />
40-->src\main\AndroidManifest.xml:30:9-67
40-->src\main\AndroidManifest.xml:30:19-65
41
42            <data android:mimeType="text/x-vcard" />
42-->src\main\AndroidManifest.xml:16:7-37
43        </intent>
44        <intent>
44-->[:expo-contacts] AndroidManifest.xml:22:9-28:18
45            <action android:name="android.intent.action.SEND" />
45-->[:expo-contacts] AndroidManifest.xml:9:13-65
45-->[:expo-contacts] AndroidManifest.xml:9:21-62
46
47            <category android:name="android.intent.category.DEFAULT" />
47-->src\main\AndroidManifest.xml:30:9-67
47-->src\main\AndroidManifest.xml:30:19-65
48
49            <data android:mimeType="text/vcard" />
49-->src\main\AndroidManifest.xml:16:7-37
50        </intent>
51        <intent>
51-->[:expo-contacts] AndroidManifest.xml:29:9-31:18
52            <action android:name="android.intent.action.EDIT" />
52-->[:expo-contacts] AndroidManifest.xml:30:13-65
52-->[:expo-contacts] AndroidManifest.xml:30:21-62
53        </intent>
54        <intent>
54-->[:expo-contacts] AndroidManifest.xml:32:9-34:18
55            <action android:name="android.intent.action.INSERT" />
55-->[:expo-contacts] AndroidManifest.xml:33:13-67
55-->[:expo-contacts] AndroidManifest.xml:33:21-64
56        </intent>
57
58        <package android:name="host.exp.exponent" /> <!-- Query open documents -->
58-->[:expo-dev-launcher] AndroidManifest.xml:8:9-53
58-->[:expo-dev-launcher] AndroidManifest.xml:8:18-50
59        <intent>
59-->[:expo-file-system] AndroidManifest.xml:15:9-17:18
60            <action android:name="android.intent.action.OPEN_DOCUMENT_TREE" />
60-->[:expo-file-system] AndroidManifest.xml:16:13-79
60-->[:expo-file-system] AndroidManifest.xml:16:21-76
61        </intent>
62        <intent>
62-->[:expo-image-picker] AndroidManifest.xml:15:9-19:18
63
64            <!-- Required for picking images from the camera roll if targeting API 30 -->
65            <action android:name="android.media.action.IMAGE_CAPTURE" />
65-->[:expo-image-picker] AndroidManifest.xml:18:13-73
65-->[:expo-image-picker] AndroidManifest.xml:18:21-70
66        </intent>
67        <intent>
67-->[:expo-image-picker] AndroidManifest.xml:20:9-24:18
68
69            <!-- Required for picking images from the camera if targeting API 30 -->
70            <action android:name="android.media.action.ACTION_VIDEO_CAPTURE" />
70-->[:expo-image-picker] AndroidManifest.xml:23:13-80
70-->[:expo-image-picker] AndroidManifest.xml:23:21-77
71        </intent>
72        <intent>
72-->[:expo-sharing] AndroidManifest.xml:8:9-14:18
73
74            <!-- Required for file sharing if targeting API 30 -->
75            <action android:name="android.intent.action.SEND" />
75-->[:expo-contacts] AndroidManifest.xml:9:13-65
75-->[:expo-contacts] AndroidManifest.xml:9:21-62
76
77            <data android:mimeType="*/*" />
77-->src\main\AndroidManifest.xml:16:7-37
78        </intent>
79        <intent>
79-->[:expo-web-browser] AndroidManifest.xml:8:9-12:18
80
81            <!-- Required for opening tabs if targeting API 30 -->
82            <action android:name="android.support.customtabs.action.CustomTabsService" />
82-->[:expo-web-browser] AndroidManifest.xml:11:13-90
82-->[:expo-web-browser] AndroidManifest.xml:11:21-87
83        </intent>
84        <intent>
84-->[androidx.camera:camera-extensions:1.5.0-alpha03] AndroidManifest.xml:23:9-25:18
85            <action android:name="androidx.camera.extensions.action.VENDOR_ACTION" />
85-->[androidx.camera:camera-extensions:1.5.0-alpha03] AndroidManifest.xml:24:13-86
85-->[androidx.camera:camera-extensions:1.5.0-alpha03] AndroidManifest.xml:24:21-83
86        </intent>
87        <intent>
87-->[com.github.CanHub:Android-Image-Cropper:4.3.1] AndroidManifest.xml:10:9-16:18
88            <action android:name="android.intent.action.GET_CONTENT" />
88-->[com.github.CanHub:Android-Image-Cropper:4.3.1] AndroidManifest.xml:11:13-72
88-->[com.github.CanHub:Android-Image-Cropper:4.3.1] AndroidManifest.xml:11:21-69
89
90            <category android:name="android.intent.category.OPENABLE" />
90-->[com.github.CanHub:Android-Image-Cropper:4.3.1] AndroidManifest.xml:13:13-73
90-->[com.github.CanHub:Android-Image-Cropper:4.3.1] AndroidManifest.xml:13:23-70
91
92            <data android:mimeType="*/*" />
92-->src\main\AndroidManifest.xml:16:7-37
93        </intent>
94    </queries>
95
96    <uses-permission android:name="android.permission.WAKE_LOCK" />
96-->[:react-native-firebase_auth] AndroidManifest.xml:8:5-68
96-->[:react-native-firebase_auth] AndroidManifest.xml:8:22-65
97    <uses-permission android:name="android.permission.ACCESS_NETWORK_STATE" />
97-->[:react-native-firebase_auth] AndroidManifest.xml:9:5-79
97-->[:react-native-firebase_auth] AndroidManifest.xml:9:22-76
98    <uses-permission android:name="android.permission.ACCESS_WIFI_STATE" />
98-->[:react-native-network-info] AndroidManifest.xml:9:5-76
98-->[:react-native-network-info] AndroidManifest.xml:9:22-73
99    <uses-permission android:name="android.permission.READ_MEDIA_IMAGES" />
99-->[:expo-media-library] AndroidManifest.xml:7:5-76
99-->[:expo-media-library] AndroidManifest.xml:7:22-73
100    <uses-permission android:name="android.permission.READ_MEDIA_VIDEO" />
100-->[:expo-media-library] AndroidManifest.xml:8:5-75
100-->[:expo-media-library] AndroidManifest.xml:8:22-72
101    <uses-permission android:name="android.permission.READ_MEDIA_AUDIO" />
101-->[:expo-media-library] AndroidManifest.xml:9:5-75
101-->[:expo-media-library] AndroidManifest.xml:9:22-72
102    <uses-permission android:name="android.permission.READ_MEDIA_VISUAL_USER_SELECTED" />
102-->[:expo-media-library] AndroidManifest.xml:10:5-90
102-->[:expo-media-library] AndroidManifest.xml:10:22-87
103    <uses-permission android:name="com.google.android.providers.gsf.permission.READ_GSERVICES" />
103-->[com.google.android.recaptcha:recaptcha:18.6.1] AndroidManifest.xml:9:5-98
103-->[com.google.android.recaptcha:recaptcha:18.6.1] AndroidManifest.xml:9:22-95
104
105    <permission
105-->[androidx.core:core:1.13.1] AndroidManifest.xml:22:5-24:47
106        android:name="com.anonymous.ChatApp_Sophy.DYNAMIC_RECEIVER_NOT_EXPORTED_PERMISSION"
106-->[androidx.core:core:1.13.1] AndroidManifest.xml:23:9-81
107        android:protectionLevel="signature" />
107-->[androidx.core:core:1.13.1] AndroidManifest.xml:24:9-44
108
109    <uses-permission android:name="com.anonymous.ChatApp_Sophy.DYNAMIC_RECEIVER_NOT_EXPORTED_PERMISSION" />
109-->[androidx.core:core:1.13.1] AndroidManifest.xml:26:5-97
109-->[androidx.core:core:1.13.1] AndroidManifest.xml:26:22-94
110
111    <application
111-->src\main\AndroidManifest.xml:19:3-37:17
112        android:name="com.anonymous.ChatApp_Sophy.MainApplication"
112-->src\main\AndroidManifest.xml:19:16-47
113        android:allowBackup="true"
113-->src\main\AndroidManifest.xml:19:162-188
114        android:appComponentFactory="androidx.core.app.CoreComponentFactory"
114-->[androidx.core:core:1.13.1] AndroidManifest.xml:28:18-86
115        android:debuggable="true"
116        android:extractNativeLibs="false"
117        android:icon="@mipmap/ic_launcher"
117-->src\main\AndroidManifest.xml:19:81-115
118        android:label="@string/app_name"
118-->src\main\AndroidManifest.xml:19:48-80
119        android:requestLegacyExternalStorage="true"
119-->src\main\AndroidManifest.xml:19:248-291
120        android:roundIcon="@mipmap/ic_launcher_round"
120-->src\main\AndroidManifest.xml:19:116-161
121        android:supportsRtl="true"
121-->src\main\AndroidManifest.xml:19:221-247
122        android:theme="@style/AppTheme"
122-->src\main\AndroidManifest.xml:19:189-220
123        android:usesCleartextTraffic="true" >
123-->src\debug\AndroidManifest.xml:6:18-53
124        <meta-data
124-->src\main\AndroidManifest.xml:20:5-83
125            android:name="expo.modules.updates.ENABLED"
125-->src\main\AndroidManifest.xml:20:16-59
126            android:value="false" />
126-->src\main\AndroidManifest.xml:20:60-81
127        <meta-data
127-->src\main\AndroidManifest.xml:21:5-105
128            android:name="expo.modules.updates.EXPO_UPDATES_CHECK_ON_LAUNCH"
128-->src\main\AndroidManifest.xml:21:16-80
129            android:value="ALWAYS" />
129-->src\main\AndroidManifest.xml:21:81-103
130        <meta-data
130-->src\main\AndroidManifest.xml:22:5-99
131            android:name="expo.modules.updates.EXPO_UPDATES_LAUNCH_WAIT_MS"
131-->src\main\AndroidManifest.xml:22:16-79
132            android:value="0" />
132-->src\main\AndroidManifest.xml:22:80-97
133
134        <activity
134-->src\main\AndroidManifest.xml:23:5-36:16
135            android:name="com.anonymous.ChatApp_Sophy.MainActivity"
135-->src\main\AndroidManifest.xml:23:15-43
136            android:configChanges="keyboard|keyboardHidden|orientation|screenSize|screenLayout|uiMode"
136-->src\main\AndroidManifest.xml:23:44-134
137            android:exported="true"
137-->src\main\AndroidManifest.xml:23:256-279
138            android:launchMode="singleTask"
138-->src\main\AndroidManifest.xml:23:135-166
139            android:screenOrientation="portrait"
139-->src\main\AndroidManifest.xml:23:280-316
140            android:theme="@style/Theme.App.SplashScreen"
140-->src\main\AndroidManifest.xml:23:210-255
141            android:windowSoftInputMode="adjustResize" >
141-->src\main\AndroidManifest.xml:23:167-209
142            <intent-filter>
142-->src\main\AndroidManifest.xml:24:7-27:23
143                <action android:name="android.intent.action.MAIN" />
143-->src\main\AndroidManifest.xml:25:9-60
143-->src\main\AndroidManifest.xml:25:17-58
144
145                <category android:name="android.intent.category.LAUNCHER" />
145-->src\main\AndroidManifest.xml:26:9-68
145-->src\main\AndroidManifest.xml:26:19-66
146            </intent-filter>
147            <intent-filter>
147-->src\main\AndroidManifest.xml:28:7-35:23
148                <action android:name="android.intent.action.VIEW" />
148-->src\main\AndroidManifest.xml:14:7-58
148-->src\main\AndroidManifest.xml:14:15-56
149
150                <category android:name="android.intent.category.DEFAULT" />
150-->src\main\AndroidManifest.xml:30:9-67
150-->src\main\AndroidManifest.xml:30:19-65
151                <category android:name="android.intent.category.BROWSABLE" />
151-->src\main\AndroidManifest.xml:15:7-67
151-->src\main\AndroidManifest.xml:15:17-65
152
153                <data android:scheme="myapp" />
153-->src\main\AndroidManifest.xml:16:7-37
153-->src\main\AndroidManifest.xml:16:13-35
154                <data android:scheme="com.anonymous.ChatApp_Sophy" />
154-->src\main\AndroidManifest.xml:16:7-37
154-->src\main\AndroidManifest.xml:16:13-35
155                <data android:scheme="exp+chatappsophy" />
155-->src\main\AndroidManifest.xml:16:7-37
155-->src\main\AndroidManifest.xml:16:13-35
156            </intent-filter>
157        </activity>
158
159        <provider
159-->[:react-native-webview] AndroidManifest.xml:8:9-16:20
160            android:name="com.reactnativecommunity.webview.RNCWebViewFileProvider"
160-->[:react-native-webview] AndroidManifest.xml:9:13-83
161            android:authorities="com.anonymous.ChatApp_Sophy.fileprovider"
161-->[:react-native-webview] AndroidManifest.xml:10:13-64
162            android:exported="false"
162-->[:react-native-webview] AndroidManifest.xml:11:13-37
163            android:grantUriPermissions="true" >
163-->[:react-native-webview] AndroidManifest.xml:12:13-47
164            <meta-data
164-->[:react-native-webview] AndroidManifest.xml:13:13-15:63
165                android:name="android.support.FILE_PROVIDER_PATHS"
165-->[:react-native-webview] AndroidManifest.xml:14:17-67
166                android:resource="@xml/file_provider_paths" />
166-->[:react-native-webview] AndroidManifest.xml:15:17-60
167        </provider> <!-- Disable crashlytics by default so we can custom init with CrashlyticsNdk support -->
168        <meta-data
168-->[:react-native-firebase_crashlytics] AndroidManifest.xml:10:9-12:37
169            android:name="firebase_crashlytics_collection_enabled"
169-->[:react-native-firebase_crashlytics] AndroidManifest.xml:11:13-67
170            android:value="false" />
170-->[:react-native-firebase_crashlytics] AndroidManifest.xml:12:13-34
171
172        <provider
172-->[:react-native-firebase_crashlytics] AndroidManifest.xml:14:9-18:38
173            android:name="io.invertase.firebase.crashlytics.ReactNativeFirebaseCrashlyticsInitProvider"
173-->[:react-native-firebase_crashlytics] AndroidManifest.xml:15:13-104
174            android:authorities="com.anonymous.ChatApp_Sophy.reactnativefirebasecrashlyticsinitprovider"
174-->[:react-native-firebase_crashlytics] AndroidManifest.xml:16:13-94
175            android:exported="false"
175-->[:react-native-firebase_crashlytics] AndroidManifest.xml:17:13-37
176            android:initOrder="98" />
176-->[:react-native-firebase_crashlytics] AndroidManifest.xml:18:13-35
177
178        <meta-data
178-->[:react-native-firebase_app] AndroidManifest.xml:9:9-11:36
179            android:name="app_data_collection_default_enabled"
179-->[:react-native-firebase_app] AndroidManifest.xml:10:13-63
180            android:value="true" />
180-->[:react-native-firebase_app] AndroidManifest.xml:11:13-33
181
182        <service
182-->[:react-native-firebase_app] AndroidManifest.xml:13:9-21:19
183            android:name="com.google.firebase.components.ComponentDiscoveryService"
183-->[:react-native-firebase_app] AndroidManifest.xml:14:13-84
184            android:directBootAware="true"
184-->[:react-native-firebase_app] AndroidManifest.xml:15:13-43
185            android:exported="false" >
185-->[:react-native-firebase_app] AndroidManifest.xml:16:13-37
186            <meta-data
186-->[:react-native-firebase_app] AndroidManifest.xml:18:13-20:85
187                android:name="com.google.firebase.components:io.invertase.firebase.app.ReactNativeFirebaseAppRegistrar"
187-->[:react-native-firebase_app] AndroidManifest.xml:19:17-120
188                android:value="com.google.firebase.components.ComponentRegistrar" />
188-->[:react-native-firebase_app] AndroidManifest.xml:20:17-82
189            <meta-data
189-->[com.google.firebase:firebase-auth:23.2.0] AndroidManifest.xml:69:13-71:85
190                android:name="com.google.firebase.components:com.google.firebase.auth.FirebaseAuthRegistrar"
190-->[com.google.firebase:firebase-auth:23.2.0] AndroidManifest.xml:70:17-109
191                android:value="com.google.firebase.components.ComponentRegistrar" />
191-->[com.google.firebase:firebase-auth:23.2.0] AndroidManifest.xml:71:17-82
192            <meta-data
192-->[com.google.firebase:firebase-crashlytics-ndk:19.4.2] AndroidManifest.xml:32:13-34:85
193                android:name="com.google.firebase.components:com.google.firebase.crashlytics.ndk.CrashlyticsNdkRegistrar"
193-->[com.google.firebase:firebase-crashlytics-ndk:19.4.2] AndroidManifest.xml:33:17-122
194                android:value="com.google.firebase.components.ComponentRegistrar" />
194-->[com.google.firebase:firebase-crashlytics-ndk:19.4.2] AndroidManifest.xml:34:17-82
195            <meta-data
195-->[com.google.firebase:firebase-crashlytics:19.4.2] AndroidManifest.xml:15:13-17:85
196                android:name="com.google.firebase.components:com.google.firebase.crashlytics.FirebaseCrashlyticsKtxRegistrar"
196-->[com.google.firebase:firebase-crashlytics:19.4.2] AndroidManifest.xml:16:17-126
197                android:value="com.google.firebase.components.ComponentRegistrar" />
197-->[com.google.firebase:firebase-crashlytics:19.4.2] AndroidManifest.xml:17:17-82
198            <meta-data
198-->[com.google.firebase:firebase-crashlytics:19.4.2] AndroidManifest.xml:18:13-20:85
199                android:name="com.google.firebase.components:com.google.firebase.crashlytics.CrashlyticsRegistrar"
199-->[com.google.firebase:firebase-crashlytics:19.4.2] AndroidManifest.xml:19:17-115
200                android:value="com.google.firebase.components.ComponentRegistrar" />
200-->[com.google.firebase:firebase-crashlytics:19.4.2] AndroidManifest.xml:20:17-82
201            <meta-data
201-->[com.google.firebase:firebase-sessions:2.1.0] AndroidManifest.xml:29:13-31:85
202                android:name="com.google.firebase.components:com.google.firebase.sessions.FirebaseSessionsRegistrar"
202-->[com.google.firebase:firebase-sessions:2.1.0] AndroidManifest.xml:30:17-117
203                android:value="com.google.firebase.components.ComponentRegistrar" />
203-->[com.google.firebase:firebase-sessions:2.1.0] AndroidManifest.xml:31:17-82
204            <meta-data
204-->[com.google.firebase:firebase-installations:18.0.0] AndroidManifest.xml:15:13-17:85
205                android:name="com.google.firebase.components:com.google.firebase.installations.FirebaseInstallationsKtxRegistrar"
205-->[com.google.firebase:firebase-installations:18.0.0] AndroidManifest.xml:16:17-130
206                android:value="com.google.firebase.components.ComponentRegistrar" />
206-->[com.google.firebase:firebase-installations:18.0.0] AndroidManifest.xml:17:17-82
207            <meta-data
207-->[com.google.firebase:firebase-installations:18.0.0] AndroidManifest.xml:18:13-20:85
208                android:name="com.google.firebase.components:com.google.firebase.installations.FirebaseInstallationsRegistrar"
208-->[com.google.firebase:firebase-installations:18.0.0] AndroidManifest.xml:19:17-127
209                android:value="com.google.firebase.components.ComponentRegistrar" />
209-->[com.google.firebase:firebase-installations:18.0.0] AndroidManifest.xml:20:17-82
210            <meta-data
210-->[com.google.firebase:firebase-common-ktx:21.0.0] AndroidManifest.xml:12:13-14:85
211                android:name="com.google.firebase.components:com.google.firebase.ktx.FirebaseCommonLegacyRegistrar"
211-->[com.google.firebase:firebase-common-ktx:21.0.0] AndroidManifest.xml:13:17-116
212                android:value="com.google.firebase.components.ComponentRegistrar" />
212-->[com.google.firebase:firebase-common-ktx:21.0.0] AndroidManifest.xml:14:17-82
213            <meta-data
213-->[com.google.firebase:firebase-common:21.0.0] AndroidManifest.xml:35:13-37:85
214                android:name="com.google.firebase.components:com.google.firebase.FirebaseCommonKtxRegistrar"
214-->[com.google.firebase:firebase-common:21.0.0] AndroidManifest.xml:36:17-109
215                android:value="com.google.firebase.components.ComponentRegistrar" />
215-->[com.google.firebase:firebase-common:21.0.0] AndroidManifest.xml:37:17-82
216            <meta-data
216-->[com.google.firebase:firebase-datatransport:19.0.0] AndroidManifest.xml:25:13-27:85
217                android:name="com.google.firebase.components:com.google.firebase.datatransport.TransportRegistrar"
217-->[com.google.firebase:firebase-datatransport:19.0.0] AndroidManifest.xml:26:17-115
218                android:value="com.google.firebase.components.ComponentRegistrar" />
218-->[com.google.firebase:firebase-datatransport:19.0.0] AndroidManifest.xml:27:17-82
219        </service>
220
221        <provider
221-->[:react-native-firebase_app] AndroidManifest.xml:23:9-27:38
222            android:name="io.invertase.firebase.app.ReactNativeFirebaseAppInitProvider"
222-->[:react-native-firebase_app] AndroidManifest.xml:24:13-88
223            android:authorities="com.anonymous.ChatApp_Sophy.reactnativefirebaseappinitprovider"
223-->[:react-native-firebase_app] AndroidManifest.xml:25:13-86
224            android:exported="false"
224-->[:react-native-firebase_app] AndroidManifest.xml:26:13-37
225            android:initOrder="99" />
225-->[:react-native-firebase_app] AndroidManifest.xml:27:13-35
226
227        <activity
227-->[:expo-dev-launcher] AndroidManifest.xml:12:9-25:20
228            android:name="expo.modules.devlauncher.launcher.DevLauncherActivity"
228-->[:expo-dev-launcher] AndroidManifest.xml:13:13-81
229            android:exported="true"
229-->[:expo-dev-launcher] AndroidManifest.xml:14:13-36
230            android:launchMode="singleTask"
230-->[:expo-dev-launcher] AndroidManifest.xml:15:13-44
231            android:theme="@style/Theme.DevLauncher.LauncherActivity" >
231-->[:expo-dev-launcher] AndroidManifest.xml:16:13-70
232            <intent-filter>
232-->[:expo-dev-launcher] AndroidManifest.xml:17:13-24:29
233                <action android:name="android.intent.action.VIEW" />
233-->src\main\AndroidManifest.xml:14:7-58
233-->src\main\AndroidManifest.xml:14:15-56
234
235                <category android:name="android.intent.category.DEFAULT" />
235-->src\main\AndroidManifest.xml:30:9-67
235-->src\main\AndroidManifest.xml:30:19-65
236                <category android:name="android.intent.category.BROWSABLE" />
236-->src\main\AndroidManifest.xml:15:7-67
236-->src\main\AndroidManifest.xml:15:17-65
237
238                <data android:scheme="expo-dev-launcher" />
238-->src\main\AndroidManifest.xml:16:7-37
238-->src\main\AndroidManifest.xml:16:13-35
239            </intent-filter>
240        </activity>
241        <activity
241-->[:expo-dev-launcher] AndroidManifest.xml:26:9-29:70
242            android:name="expo.modules.devlauncher.launcher.errors.DevLauncherErrorActivity"
242-->[:expo-dev-launcher] AndroidManifest.xml:27:13-93
243            android:screenOrientation="portrait"
243-->[:expo-dev-launcher] AndroidManifest.xml:28:13-49
244            android:theme="@style/Theme.DevLauncher.ErrorActivity" />
244-->[:expo-dev-launcher] AndroidManifest.xml:29:13-67
245        <activity
245-->[:expo-dev-menu] AndroidManifest.xml:8:9-21:20
246            android:name="expo.modules.devmenu.DevMenuActivity"
246-->[:expo-dev-menu] AndroidManifest.xml:9:13-64
247            android:exported="true"
247-->[:expo-dev-menu] AndroidManifest.xml:10:13-36
248            android:launchMode="singleTask"
248-->[:expo-dev-menu] AndroidManifest.xml:11:13-44
249            android:theme="@style/Theme.AppCompat.Transparent.NoActionBar" >
249-->[:expo-dev-menu] AndroidManifest.xml:12:13-75
250            <intent-filter>
250-->[:expo-dev-menu] AndroidManifest.xml:13:13-20:29
251                <action android:name="android.intent.action.VIEW" />
251-->src\main\AndroidManifest.xml:14:7-58
251-->src\main\AndroidManifest.xml:14:15-56
252
253                <category android:name="android.intent.category.DEFAULT" />
253-->src\main\AndroidManifest.xml:30:9-67
253-->src\main\AndroidManifest.xml:30:19-65
254                <category android:name="android.intent.category.BROWSABLE" />
254-->src\main\AndroidManifest.xml:15:7-67
254-->src\main\AndroidManifest.xml:15:17-65
255
256                <data android:scheme="expo-dev-menu" />
256-->src\main\AndroidManifest.xml:16:7-37
256-->src\main\AndroidManifest.xml:16:13-35
257            </intent-filter>
258        </activity>
259
260        <provider
260-->[:expo-file-system] AndroidManifest.xml:21:9-30:20
261            android:name="expo.modules.filesystem.FileSystemFileProvider"
261-->[:expo-file-system] AndroidManifest.xml:22:13-74
262            android:authorities="com.anonymous.ChatApp_Sophy.FileSystemFileProvider"
262-->[:expo-file-system] AndroidManifest.xml:23:13-74
263            android:exported="false"
263-->[:expo-file-system] AndroidManifest.xml:24:13-37
264            android:grantUriPermissions="true" >
264-->[:expo-file-system] AndroidManifest.xml:25:13-47
265            <meta-data
265-->[:react-native-webview] AndroidManifest.xml:13:13-15:63
266                android:name="android.support.FILE_PROVIDER_PATHS"
266-->[:react-native-webview] AndroidManifest.xml:14:17-67
267                android:resource="@xml/file_system_provider_paths" />
267-->[:react-native-webview] AndroidManifest.xml:15:17-60
268        </provider>
269
270        <service
270-->[:expo-image-picker] AndroidManifest.xml:28:9-40:19
271            android:name="com.google.android.gms.metadata.ModuleDependencies"
271-->[:expo-image-picker] AndroidManifest.xml:29:13-78
272            android:enabled="false"
272-->[:expo-image-picker] AndroidManifest.xml:30:13-36
273            android:exported="false" >
273-->[:expo-image-picker] AndroidManifest.xml:31:13-37
274            <intent-filter>
274-->[:expo-image-picker] AndroidManifest.xml:33:13-35:29
275                <action android:name="com.google.android.gms.metadata.MODULE_DEPENDENCIES" />
275-->[:expo-image-picker] AndroidManifest.xml:34:17-94
275-->[:expo-image-picker] AndroidManifest.xml:34:25-91
276            </intent-filter>
277
278            <meta-data
278-->[:expo-image-picker] AndroidManifest.xml:37:13-39:36
279                android:name="photopicker_activity:0:required"
279-->[:expo-image-picker] AndroidManifest.xml:38:17-63
280                android:value="" />
280-->[:expo-image-picker] AndroidManifest.xml:39:17-33
281        </service>
282
283        <activity
283-->[:expo-image-picker] AndroidManifest.xml:42:9-44:59
284            android:name="com.canhub.cropper.CropImageActivity"
284-->[:expo-image-picker] AndroidManifest.xml:43:13-64
285            android:exported="true"
285-->[com.github.CanHub:Android-Image-Cropper:4.3.1] AndroidManifest.xml:35:13-36
286            android:theme="@style/Base.Theme.AppCompat" /> <!-- https://developer.android.com/guide/topics/manifest/provider-element.html -->
286-->[:expo-image-picker] AndroidManifest.xml:44:13-56
287        <provider
287-->[:expo-image-picker] AndroidManifest.xml:46:9-54:20
288            android:name="expo.modules.imagepicker.fileprovider.ImagePickerFileProvider"
288-->[:expo-image-picker] AndroidManifest.xml:47:13-89
289            android:authorities="com.anonymous.ChatApp_Sophy.ImagePickerFileProvider"
289-->[:expo-image-picker] AndroidManifest.xml:48:13-75
290            android:exported="false"
290-->[:expo-image-picker] AndroidManifest.xml:49:13-37
291            android:grantUriPermissions="true" >
291-->[:expo-image-picker] AndroidManifest.xml:50:13-47
292            <meta-data
292-->[:react-native-webview] AndroidManifest.xml:13:13-15:63
293                android:name="android.support.FILE_PROVIDER_PATHS"
293-->[:react-native-webview] AndroidManifest.xml:14:17-67
294                android:resource="@xml/image_picker_provider_paths" />
294-->[:react-native-webview] AndroidManifest.xml:15:17-60
295        </provider>
296        <provider
296-->[:expo-sharing] AndroidManifest.xml:18:9-26:20
297            android:name="expo.modules.sharing.SharingFileProvider"
297-->[:expo-sharing] AndroidManifest.xml:19:13-68
298            android:authorities="com.anonymous.ChatApp_Sophy.SharingFileProvider"